<?xml version="1.0" encoding="UTF-8"?>
<!-- Generated by org.testng.reporters.JUnitReportReporter -->
<testsuite skipped="0" hostname="Dell" name="testCases.TC_001_AccountRegistration" tests="1" failures="0" timestamp="2021-07-30T15:40:12 IST" time="23.014" errors="0">
  <testcase name="test_account_registration" time="23.014" classname="testCases.TC_001_AccountRegistration"/>
  <system-out/>
</testsuite> <!-- testCases.TC_001_AccountRegistration -->
