<?xml version="1.0" encoding="UTF-8"?>
<!-- Generated by org.testng.reporters.JUnitReportReporter -->
<testsuite skipped="0" hostname="Dell" name="testCases.TC_002_Login" tests="1" failures="0" timestamp="2021-07-30T15:40:12 IST" time="8.382" errors="0">
  <testcase name="test_Login" time="8.382" classname="testCases.TC_002_Login"/>
  <system-out/>
</testsuite> <!-- testCases.TC_002_Login -->
